Arguments: 
  /usr/local/Cellar/node/12.10.0/bin/node /usr/local/bin/yarn init

PATH: 
  /usr/local/bin:/usr/bin:/bin:/usr/sbin:/sbin

Yarn version: 
  1.17.3

Node version: 
  12.10.0

Platform: 
  darwin x64

Trace: 
  Error: canceled
      at Interface.<anonymous> (/usr/local/lib/node_modules/yarn/lib/cli.js:136724:13)
      at Interface.emit (events.js:209:13)
      at Interface._ttyWrite (readline.js:887:16)
      at ReadStream.onkeypress (readline.js:191:10)
      at ReadStream.emit (events.js:209:13)
      at emitKeys (internal/readline/utils.js:433:14)
      at emitKeys.next (<anonymous>)
      at ReadStream.onData (readline.js:1153:36)
      at ReadStream.emit (events.js:209:13)
      at addChunk (_stream_readable.js:305:12)

npm manifest: 
  {
    "name": "http-server",
    "version": "0.11.1",
    "description": "A simple zero-configuration command-line http server",
    "main": "./lib/http-server",
    "repository": {
      "type": "git",
      "url": "git://github.com/indexzero/http-server.git"
    },
    "keywords": [
      "cli",
      "command"
    ],
    "scripts": {
      "start": "node ./bin/http-server",
      "pretest": "common bin/http-server lib/ test",
      "test": "vows --spec --isolate"
    },
    "files": [
      "lib",
      "bin"
    ],
    "contributors": [
      {
        "name": "Charlie Robbins",
        "email": "charlie.robbins@gmail.com"
      },
      {
        "name": "Marak Squires",
        "email": "marak.squires@gmail.com"
      },
      {
        "name": "Charlie McConnell",
        "email": "charlie@charlieistheman.com"
      },
      {
        "name": "Joshua Holbrook",
        "email": "josh.holbrook@gmail.com"
      },
      {
        "name": "Maciej Małecki",
        "email": "maciej.malecki@notimplemented.org"
      },
      {
        "name": "Matthew Bergman",
        "email": "mzbphoto@gmail.com"
      },
      {
        "name": "brad dunbar",
        "email": "dunbarb2@gmail.com"
      },
      {
        "name": "Dominic Tarr"
      },
      {
        "name": "Travis Person",
        "email": "travis.person@gmail.com"
      },
      {
        "name": "Jinkwon Lee",
        "email": "master@bdyne.net"
      },
      {
        "name": "BigBlueHat",
        "email": "byoung@bigbluehat.com"
      },
      {
        "name": "Jade Michael Thornton",
        "email": "jade@jmthornton.net"
      }
    ],
    "dependencies": {
      "basic-auth": "^1.0.3",
      "colors": "^1.3.3",
      "corser": "^2.0.1",
      "ecstatic": "^3.3.0",
      "http-proxy": "^1.17.0",
      "opener": "^1.5.1",
      "optimist": "~0.6.1",
      "portfinder": "^1.0.20",
      "secure-compare": "3.0.1",
      "union": "~0.5.0"
    },
    "devDependencies": {
      "common-style": "^3.0.0",
      "request": "^2.88.0",
      "vows": "~0.7.0"
    },
    "bugs": {
      "url": "https://github.com/nodeapps/http-server/issues"
    },
    "license": "MIT",
    "preferGlobal": "true",
    "bin": {
      "http-server": "./bin/http-server",
      "hs": "./bin/http-server"
    }
  }

yarn manifest: 
  No manifest

Lockfile: 
  No lockfile
